<?xml version="1.0" encoding="UTF-8"?>
<testng-results skipped="0" failed="0" ignored="0" total="2" passed="2">
  <reporter-output>
  </reporter-output>
  <suite name="All Test Suite" duration-ms="13661" started-at="2021-11-19T10:26:10Z" finished-at="2021-11-19T10:26:23Z">
    <groups>
    </groups>
    <test name="Test" duration-ms="13661" started-at="2021-11-19T10:26:10Z" finished-at="2021-11-19T10:26:23Z">
      <class name="com.tmb.tests.OrangeHRMTests">
        <test-method status="PASS" signature="setUp([Ljava.lang.Object;)[pri:0, instance:com.tmb.tests.OrangeHRMTests@7225790e]" name="setUp" is-config="true" duration-ms="5768" started-at="2021-11-19T10:26:10Z" finished-at="2021-11-19T10:26:16Z">
          <params>
            <param index="0">
              <value>
                <![CDATA[[Ljava.lang.Object;@3b8f0a79]]>
              </value>
            </param>
          </params>
          <reporter-output>
          </reporter-output>
        </test-method> <!-- setUp -->
        <test-method status="PASS" signature="setUp([Ljava.lang.Object;)[pri:0, instance:com.tmb.tests.OrangeHRMTests@7225790e]" name="setUp" is-config="true" duration-ms="8971" started-at="2021-11-19T10:26:10Z" finished-at="2021-11-19T10:26:19Z">
          <params>
            <param index="0">
              <value>
                <![CDATA[[Ljava.lang.Object;@71e693fa]]>
              </value>
            </param>
          </params>
          <reporter-output>
          </reporter-output>
        </test-method> <!-- setUp -->
        <test-method status="PASS" signature="newTest(java.util.Map)[pri:0, instance:com.tmb.tests.OrangeHRMTests@7225790e]" name="newTest" duration-ms="5880" started-at="2021-11-19T10:26:16Z" description="To check whether this test is executed" finished-at="2021-11-19T10:26:22Z">
          <params>
            <param index="0">
              <value>
                <![CDATA[{fname=Sneha, password=admin123, browser=chrome, testname=newTest, execute=yes, menutext=, username=Admin}]]>
              </value>
            </param>
          </params>
          <reporter-output>
          </reporter-output>
        </test-method> <!-- newTest -->
        <test-method status="PASS" signature="loginLogoutTest(java.util.Map)[pri:0, instance:com.tmb.tests.OrangeHRMTests@7225790e]" name="loginLogoutTest" duration-ms="3388" started-at="2021-11-19T10:26:19Z" description="To check whether the user is able to login and logout successfully" finished-at="2021-11-19T10:26:22Z">
          <params>
            <param index="0">
              <value>
                <![CDATA[{fname=Sreejith, password=admin123, browser=firefox, testname=loginLogoutTest, execute=yes, menutext=, username=Admin}]]>
              </value>
            </param>
          </params>
          <reporter-output>
          </reporter-output>
        </test-method> <!-- loginLogoutTest -->
        <test-method status="PASS" signature="tearDown()[pri:0, instance:com.tmb.tests.OrangeHRMTests@7225790e]" name="tearDown" is-config="true" duration-ms="681" started-at="2021-11-19T10:26:22Z" finished-at="2021-11-19T10:26:22Z">
          <reporter-output>
          </reporter-output>
        </test-method> <!-- tearDown -->
        <test-method status="PASS" signature="tearDown()[pri:0, instance:com.tmb.tests.OrangeHRMTests@7225790e]" name="tearDown" is-config="true" duration-ms="896" started-at="2021-11-19T10:26:22Z" finished-at="2021-11-19T10:26:23Z">
          <reporter-output>
          </reporter-output>
        </test-method> <!-- tearDown -->
      </class> <!-- com.tmb.tests.OrangeHRMTests -->
    </test> <!-- Test -->
  </suite> <!-- All Test Suite -->
</testng-results>
